<?xml version="1.0" encoding="UTF-8"?>
<!DOCTYPE mapper
        PUBLIC "-//mybatis.org//DTD Mapper 3.0//EN"
        "http://mybatis.org/dtd/mybatis-3-mapper.dtd">

<mapper namespace="test">
    <select id="list" resultType="test">
        SELECT *
        FROM db_examination.test
        ORDER BY id
    </select>
    <select id="queryById" resultType="test">
        SELECT *
        FROM db_examination.test
        WHERE id = #{id}
    </select>
    <update id="modify">
        UPDATE db_examination.test
        SET
            type = #{type}, 
            question = #{question}, 
            optionA = #{optionA}, 
            optionB = #{optionB}, 
            optionC = #{optionC}, 
            optionD = #{optionD}, 
            answer = #{answer}, 
            paperId = #{paperId}
        WHERE id = #{id}
    </update>
    <delete id="remove">
        DELETE FROM db_examination.test
        WHERE id = #{id}
    </delete>
    <insert id="create" parameterType="test" useGeneratedKeys="true" keyProperty="id">
        INSERT INTO db_examination.test (
            type, 
            question, 
            optionA, 
            optionB, 
            optionC, 
            optionD, 
            answer, 
            paperId
        )
        VALUES (
            #{type}, 
            #{question}, 
            #{optionA}, 
            #{optionB}, 
            #{optionC}, 
            #{optionD}, 
            #{answer}, 
            #{paperId}
        );
    </insert>
</mapper>